<?xml version="1.0" encoding="UTF-8"?>
<testsuite xmlns:xsi="http://www.w3.org/2001/XMLSchema-instance" xsi:noNamespaceSchemaLocation="https://maven.apache.org/surefire/maven-surefire-plugin/xsd/surefire-test-report-3.0.xsd" version="3.0" name="com.ikea.app.server.jdo.CestaJDOTest" time="0.001" tests="8" errors="0" skipped="0" failures="0">
  <properties>
[...]
</properties>
  <testcase name="testGetCesta" classname="com.ikea.app.server.jdo.CestaJDOTest" time="0"/>
  <testcase name="testClearCesta" classname="com.ikea.app.server.jdo.CestaJDOTest" time="0"/>
  <testcase name="testSetCliente" classname="com.ikea.app.server.jdo.CestaJDOTest" time="0"/>
  <testcase name="testToString" classname="com.ikea.app.server.jdo.CestaJDOTest" time="0"/>
  <testcase name="testBorrarProductoDeCesta" classname="com.ikea.app.server.jdo.CestaJDOTest" time="0"/>
  <testcase name="testGetCliente" classname="com.ikea.app.server.jdo.CestaJDOTest" time="0"/>
  <testcase name="testAnadirCesta" classname="com.ikea.app.server.jdo.CestaJDOTest" time="0"/>
  <testcase name="testSetCesta" classname="com.ikea.app.server.jdo.CestaJDOTest" time="0"/>
</testsuite>